This is pdfTeX, Version 3.1415926-2.5-1.40.14 (TeX Live 2013/Debian) (format=pdflatex 2015.1.31)  9 MAR 2015 23:57
entering extended mode
 restricted \write18 enabled.
 %&-line parsing enabled.
**"/home/kartikeya/Desktop/CourseWork/HUL 265/Report/thesis.tex"
(/home/kartikeya/Desktop/CourseWork/HUL 265/Report/thesis.tex
LaTeX2e <2011/06/27>
Babel <3.9h> and hyphenation patterns for 2 languages loaded.

(/home/kartikeya/Desktop/CourseWork/HUL 265/Report/Classes/CUEDthesisPSnPDF.cls

LaTeX Warning: You have requested document class `Classes/CUEDthesisPSnPDF',
               but the document class provides `CUEDthesisPSnPDF'.

Document Class: CUEDthesisPSnPDF 2010/07/14 v1.1 CUED thesis class
(/usr/share/texlive/texmf-dist/tex/latex/base/book.cls
Document Class: book 2007/10/19 v1.4h Standard LaTeX document class
(/usr/share/texlive/texmf-dist/tex/latex/base/bk12.clo
File: bk12.clo 2007/10/19 v1.4h Standard LaTeX file (size option)
)
\c@part=\count79
\c@chapter=\count80
\c@section=\count81
\c@subsection=\count82
\c@subsubsection=\count83
\c@paragraph=\count84
\c@subparagraph=\count85
\c@figure=\count86
\c@table=\count87
\abovecaptionskip=\skip41
\belowcaptionskip=\skip42
\bibindent=\dimen102
) (/usr/share/texlive/texmf-dist/tex/latex/setspace/setspace.sty
Package: setspace 2011/12/19 v6.7a set line spacing
) (/usr/share/texlive/texmf-dist/tex/latex/tocbibind/tocbibind.sty
Package: tocbibind 2010/10/13 v1.5k extra ToC listings
Package tocbibind Info: The document has chapter divisions on input line 50.

Package tocbibind Note: Using chapter style headings, unless overridden.

) (/usr/share/texlive/texmf-dist/tex/latex/amsfonts/amssymb.sty
Package: amssymb 2013/01/14 v3.01 AMS font symbols
(/usr/share/texlive/texmf-dist/tex/latex/amsfonts/amsfonts.sty
Package: amsfonts 2013/01/14 v3.01 Basic AMSFonts support
\@emptytoks=\toks14
\symAMSa=\mathgroup4
\symAMSb=\mathgroup5
LaTeX Font Info:    Overwriting math alphabet `\mathfrak' in version `bold'
(Font)                  U/euf/m/n --> U/euf/b/n on input line 106.
)) (/usr/share/texlive/texmf-dist/tex/latex/fancyhdr/fancyhdr.sty
\fancy@headwidth=\skip43
\f@ncyO@elh=\skip44
\f@ncyO@erh=\skip45
\f@ncyO@olh=\skip46
\f@ncyO@orh=\skip47
\f@ncyO@elf=\skip48
\f@ncyO@erf=\skip49
\f@ncyO@olf=\skip50
\f@ncyO@orf=\skip51
) (/usr/share/texlive/texmf-dist/tex/latex/amsfonts/eucal.sty
Package: eucal 2009/06/22 v3.00 Euler Script fonts
LaTeX Font Info:    Overwriting math alphabet `\EuScript' in version `bold'
(Font)                  U/eus/m/n --> U/eus/b/n on input line 33.
) (/usr/share/texlive/texmf-dist/tex/generic/babel/babel.sty
Package: babel 2013/12/03 3.9h The Babel package
(/usr/share/texlive/texmf-dist/tex/generic/babel-english/english.ldf
Language: english 2012/08/20 v3.3p English support from the babel system
(/usr/share/texlive/texmf-dist/tex/generic/babel/babel.def
File: babel.def 2013/12/03 3.9h Babel common definitions
\babel@savecnt=\count88
\U@D=\dimen103
)
\l@british = a dialect from \language\l@english 
\l@UKenglish = a dialect from \language\l@english 
\l@canadian = a dialect from \language\l@american 
\l@australian = a dialect from \language\l@british 
\l@newzealand = a dialect from \language\l@british 
)) (/usr/share/texlive/texmf-dist/tex/latex/graphics/color.sty
Package: color 2005/11/14 v1.0j Standard LaTeX Color (DPC)
(/usr/share/texlive/texmf-dist/tex/latex/latexconfig/color.cfg
File: color.cfg 2007/01/18 v1.5 color configuration of teTeX/TeXLive
)
Package color Info: Driver file: pdftex.def on input line 130.
(/usr/share/texlive/texmf-dist/tex/latex/pdftex-def/pdftex.def
File: pdftex.def 2011/05/27 v0.06d Graphics/color for pdfTeX
(/usr/share/texlive/texmf-dist/tex/generic/oberdiek/infwarerr.sty
Package: infwarerr 2010/04/08 v1.3 Providing info/warning/error messages (HO)
) (/usr/share/texlive/texmf-dist/tex/generic/oberdiek/ltxcmds.sty
Package: ltxcmds 2011/11/09 v1.22 LaTeX kernel commands for general use (HO)
)
\Gread@gobject=\count89
) (/usr/share/texlive/texmf-dist/tex/latex/graphics/dvipsnam.def
File: dvipsnam.def 1999/02/16 v3.0i Driver-dependant file (DPC,SPQR)
)) (/usr/share/texlive/texmf-dist/tex/latex/footmisc/footmisc.sty
Package: footmisc 2011/06/06 v5.5b a miscellany of footnote facilities
\FN@temptoken=\toks15
\footnotemargin=\dimen104
\c@pp@next@reset=\count90
\c@@fnserial=\count91
Package footmisc Info: Declaring symbol style bringhurst on input line 855.
Package footmisc Info: Declaring symbol style chicago on input line 863.
Package footmisc Info: Declaring symbol style wiley on input line 872.
Package footmisc Info: Declaring symbol style lamport-robust on input line 883.

Package footmisc Info: Declaring symbol style lamport* on input line 903.
Package footmisc Info: Declaring symbol style lamport*-robust on input line 924
.
) (/usr/share/texlive/texmf-dist/tex/latex/natbib/natbib.sty
Package: natbib 2010/09/13 8.31b (PWD, AO)
\bibhang=\skip52
\bibsep=\skip53
LaTeX Info: Redefining \cite on input line 694.
\c@NAT@ctr=\count92
) (/usr/share/texlive/texmf-dist/tex/latex/base/ifthen.sty
Package: ifthen 2001/05/26 v1.1c Standard LaTeX ifthen package (DPC)
) (/usr/share/texlive/texmf-dist/tex/generic/oberdiek/ifpdf.sty
Package: ifpdf 2011/01/30 v2.3 Provides the ifpdf switch (HO)
Package ifpdf Info: pdfTeX in PDF mode is detected.
) (/usr/share/texlive/texmf-dist/tex/latex/nomencl/nomencl.sty
Package: nomencl 2005/09/22 v4.2 Nomenclature package (LN)
\nomlabelwidth=\dimen105
\nom@tempdim=\dimen106
\nomitemsep=\skip54
)
\@nomenclaturefile=\write3
\openout3 = `thesis.nlo'.

Writing nomenclature file thesis.nlo
(/usr/share/texlive/texmf-dist/tex/latex/hyperref/hyperref.sty
Package: hyperref 2012/11/06 v6.83m Hypertext links for LaTeX
(/usr/share/texlive/texmf-dist/tex/generic/oberdiek/hobsub-hyperref.sty
Package: hobsub-hyperref 2012/05/28 v1.13 Bundle oberdiek, subset hyperref (HO)

(/usr/share/texlive/texmf-dist/tex/generic/oberdiek/hobsub-generic.sty
Package: hobsub-generic 2012/05/28 v1.13 Bundle oberdiek, subset generic (HO)
Package: hobsub 2012/05/28 v1.13 Construct package bundles (HO)
Package hobsub Info: Skipping package `infwarerr' (already loaded).
Package hobsub Info: Skipping package `ltxcmds' (already loaded).
Package: ifluatex 2010/03/01 v1.3 Provides the ifluatex switch (HO)
Package ifluatex Info: LuaTeX not detected.
Package: ifvtex 2010/03/01 v1.5 Detect VTeX and its facilities (HO)
Package ifvtex Info: VTeX not detected.
Package: intcalc 2007/09/27 v1.1 Expandable calculations with integers (HO)
Package hobsub Info: Skipping package `ifpdf' (already loaded).
Package: etexcmds 2011/02/16 v1.5 Avoid name clashes with e-TeX commands (HO)
Package etexcmds Info: Could not find \expanded.
(etexcmds)             That can mean that you are not using pdfTeX 1.50 or
(etexcmds)             that some package has redefined \expanded.
(etexcmds)             In the latter case, load this package earlier.
Package: kvsetkeys 2012/04/25 v1.16 Key value parser (HO)
Package: kvdefinekeys 2011/04/07 v1.3 Define keys (HO)
Package: pdftexcmds 2011/11/29 v0.20 Utility functions of pdfTeX for LuaTeX (HO
)
Package pdftexcmds Info: LuaTeX not detected.
Package pdftexcmds Info: \pdf@primitive is available.
Package pdftexcmds Info: \pdf@ifprimitive is available.
Package pdftexcmds Info: \pdfdraftmode found.
Package: pdfescape 2011/11/25 v1.13 Implements pdfTeX's escape features (HO)
Package: bigintcalc 2012/04/08 v1.3 Expandable calculations on big integers (HO
)
Package: bitset 2011/01/30 v1.1 Handle bit-vector datatype (HO)
Package: uniquecounter 2011/01/30 v1.2 Provide unlimited unique counter (HO)
)
Package hobsub Info: Skipping package `hobsub' (already loaded).
Package: letltxmacro 2010/09/02 v1.4 Let assignment for LaTeX macros (HO)
Package: hopatch 2012/05/28 v1.2 Wrapper for package hooks (HO)
Package: xcolor-patch 2011/01/30 xcolor patch
Package: atveryend 2011/06/30 v1.8 Hooks at the very end of document (HO)
Package atveryend Info: \enddocument detected (standard20110627).
Package: atbegshi 2011/10/05 v1.16 At begin shipout hook (HO)
Package: refcount 2011/10/16 v3.4 Data extraction from label references (HO)
Package: hycolor 2011/01/30 v1.7 Color options for hyperref/bookmark (HO)
) (/usr/share/texlive/texmf-dist/tex/latex/graphics/keyval.sty
Package: keyval 1999/03/16 v1.13 key=value parser (DPC)
\KV@toks@=\toks16
) (/usr/share/texlive/texmf-dist/tex/generic/ifxetex/ifxetex.sty
Package: ifxetex 2010/09/12 v0.6 Provides ifxetex conditional
) (/usr/share/texlive/texmf-dist/tex/latex/oberdiek/auxhook.sty
Package: auxhook 2011/03/04 v1.3 Hooks for auxiliary files (HO)
) (/usr/share/texlive/texmf-dist/tex/latex/oberdiek/kvoptions.sty
Package: kvoptions 2011/06/30 v3.11 Key value format for package options (HO)
)
\@linkdim=\dimen107
\Hy@linkcounter=\count93
\Hy@pagecounter=\count94
(/usr/share/texlive/texmf-dist/tex/latex/hyperref/pd1enc.def
File: pd1enc.def 2012/11/06 v6.83m Hyperref: PDFDocEncoding definition (HO)
)
\Hy@SavedSpaceFactor=\count95
(/usr/share/texlive/texmf-dist/tex/latex/latexconfig/hyperref.cfg
File: hyperref.cfg 2002/06/06 v1.2 hyperref configuration of TeXLive
)
Package hyperref Info: Option `plainpages' set `false' on input line 4319.
Package hyperref Info: Option `pdfpagelabels' set `true' on input line 4319.
Package hyperref Info: Option `bookmarks' set `true' on input line 4319.
Package hyperref Info: Option `bookmarksopen' set `true' on input line 4319.
Package hyperref Info: Option `bookmarksnumbered' set `true' on input line 4319
.
Package hyperref Info: Option `breaklinks' set `true' on input line 4319.
Package hyperref Info: Option `linktocpage' set `true' on input line 4319.
Package hyperref Info: Option `colorlinks' set `true' on input line 4319.
Package hyperref Info: Option `hyperindex' set `true' on input line 4319.
Package hyperref Info: Option `hyperfigures' set `true' on input line 4319.
Package hyperref Info: Hyper figures ON on input line 4441.
Package hyperref Info: Link nesting OFF on input line 4448.
Package hyperref Info: Hyper index ON on input line 4451.
Package hyperref Info: Plain pages OFF on input line 4458.
Package hyperref Info: Backreferencing ON on input line 4461.
Package hyperref Info: Implicit mode ON; LaTeX internals redefined.
Package hyperref Info: Bookmarks ON on input line 4688.
(/usr/share/texlive/texmf-dist/tex/latex/hyperref/backref.sty
Package: backref 2012/07/25 v1.38 Bibliographical back referencing
(/usr/share/texlive/texmf-dist/tex/latex/oberdiek/rerunfilecheck.sty
Package: rerunfilecheck 2011/04/15 v1.7 Rerun checks for auxiliary files (HO)
Package uniquecounter Info: New unique counter `rerunfilecheck' on input line 2
82.
))
\c@Hy@tempcnt=\count96
(/usr/share/texlive/texmf-dist/tex/latex/url/url.sty
\Urlmuskip=\muskip10
Package: url 2013/09/16  ver 3.4  Verb mode for urls, etc.
)
LaTeX Info: Redefining \url on input line 5041.
\XeTeXLinkMargin=\dimen108
\Fld@menulength=\count97
\Field@Width=\dimen109
\Fld@charsize=\dimen110
Package hyperref Info: Hyper figures ON on input line 6293.
Package hyperref Info: Link nesting OFF on input line 6300.
Package hyperref Info: Hyper index ON on input line 6303.
Package hyperref Info: backreferencing ON on input line 6308.
Package hyperref Info: Link coloring ON on input line 6313.
Package hyperref Info: Link coloring with OCG OFF on input line 6320.
Package hyperref Info: PDF/A mode OFF on input line 6325.
LaTeX Info: Redefining \ref on input line 6365.
LaTeX Info: Redefining \pageref on input line 6369.
\Hy@abspage=\count98
\c@Item=\count99
\c@Hfootnote=\count100
)

Package hyperref Message: Driver: hpdftex.

(/usr/share/texlive/texmf-dist/tex/latex/hyperref/hpdftex.def
File: hpdftex.def 2012/11/06 v6.83m Hyperref driver for pdfTeX
\Fld@listcount=\count101
\c@bookmark@seq@number=\count102
\Hy@SectionHShift=\skip55
) (/usr/share/texlive/texmf-dist/tex/latex/graphics/graphicx.sty
Package: graphicx 1999/02/16 v1.0f Enhanced LaTeX Graphics (DPC,SPQR)
(/usr/share/texlive/texmf-dist/tex/latex/graphics/graphics.sty
Package: graphics 2009/02/05 v1.0o Standard LaTeX Graphics (DPC,SPQR)
(/usr/share/texlive/texmf-dist/tex/latex/graphics/trig.sty
Package: trig 1999/03/16 v1.09 sin cos tan (DPC)
) (/usr/share/texlive/texmf-dist/tex/latex/latexconfig/graphics.cfg
File: graphics.cfg 2010/04/23 v1.9 graphics configuration of TeX Live
)
Package graphics Info: Driver file: pdftex.def on input line 91.
)
\Gin@req@height=\dimen111
\Gin@req@width=\dimen112
)

Package Fancyhdr Warning: \fancyhead's `E' option without twoside option is use
less on input line 165.

) (/usr/share/texlive/texmf-dist/tex/latex/caption/subcaption.sty
Package: subcaption 2013/02/03 v1.1-62 Sub-captions (AR)
(/usr/share/texlive/texmf-dist/tex/latex/caption/caption.sty
Package: caption 2013/05/02 v3.3-89 Customizing captions (AR)
(/usr/share/texlive/texmf-dist/tex/latex/caption/caption3.sty
Package: caption3 2013/05/02 v1.6-88 caption3 kernel (AR)
Package caption3 Info: TeX engine: e-TeX on input line 57.
\captionmargin=\dimen113
\captionmargin@=\dimen114
\captionwidth=\dimen115
\caption@tempdima=\dimen116
\caption@indent=\dimen117
\caption@parindent=\dimen118
\caption@hangindent=\dimen119
)
\c@ContinuedFloat=\count103
Package caption Info: hyperref package is loaded.
)
\c@subfigure=\count104
\c@subtable=\count105
) (/home/kartikeya/Desktop/CourseWork/HUL 265/Report/thesis.aux (/home/kartikey
a/Desktop/CourseWork/HUL 265/Report/Abstract/abstract.aux)
(/home/kartikeya/Desktop/CourseWork/HUL 265/Report/Introduction/introduction.au
x) (/home/kartikeya/Desktop/CourseWork/HUL 265/Report/Chapter1/chapter1.aux

LaTeX Warning: Label `FigAir' multiply defined.


LaTeX Warning: Label `fig:sub1' multiply defined.


LaTeX Warning: Label `sub@fig:sub1' multiply defined.


LaTeX Warning: Label `fig:sub2' multiply defined.


LaTeX Warning: Label `sub@fig:sub2' multiply defined.


LaTeX Warning: Label `figstart' multiply defined.

) (/home/kartikeya/Desktop/CourseWork/HUL 265/Report/Chapter2/chapter2.aux

LaTeX Warning: Label `FigAir' multiply defined.


LaTeX Warning: Label `FigAir' multiply defined.


LaTeX Warning: Label `fig:sub1' multiply defined.


LaTeX Warning: Label `sub@fig:sub1' multiply defined.


LaTeX Warning: Label `fig:sub2' multiply defined.


LaTeX Warning: Label `sub@fig:sub2' multiply defined.


LaTeX Warning: Label `figstart' multiply defined.

) (/home/kartikeya/Desktop/CourseWork/HUL 265/Report/Chapter3/chapter3.aux

LaTeX Warning: Label `FigAir' multiply defined.


LaTeX Warning: Label `FigAir' multiply defined.

) (/home/kartikeya/Desktop/CourseWork/HUL 265/Report/Positive/positive.aux

LaTeX Warning: Label `fig:sub1' multiply defined.


LaTeX Warning: Label `sub@fig:sub1' multiply defined.


LaTeX Warning: Label `fig:sub2' multiply defined.


LaTeX Warning: Label `sub@fig:sub2' multiply defined.


LaTeX Warning: Label `figstart' multiply defined.


LaTeX Warning: Label `fig:sub1' multiply defined.


LaTeX Warning: Label `sub@fig:sub1' multiply defined.


LaTeX Warning: Label `fig:sub2' multiply defined.


LaTeX Warning: Label `sub@fig:sub2' multiply defined.


LaTeX Warning: Label `figstart' multiply defined.


LaTeX Warning: Label `fig:sub1' multiply defined.


LaTeX Warning: Label `sub@fig:sub1' multiply defined.


LaTeX Warning: Label `fig:sub2' multiply defined.


LaTeX Warning: Label `sub@fig:sub2' multiply defined.


LaTeX Warning: Label `figstart' multiply defined.

) (/home/kartikeya/Desktop/CourseWork/HUL 265/Report/Negative/negative.aux) (/h
ome/kartikeya/Desktop/CourseWork/HUL 265/Report/Conclusions/conclusions.aux) (/
home/kartikeya/Desktop/CourseWork/HUL 265/Report/Appendix1/appendix1.aux))
\openout1 = `thesis.aux'.

LaTeX Font Info:    Checking defaults for OML/cmm/m/it on input line 56.
LaTeX Font Info:    ... okay on input line 56.
LaTeX Font Info:    Checking defaults for T1/cmr/m/n on input line 56.
LaTeX Font Info:    ... okay on input line 56.
LaTeX Font Info:    Checking defaults for OT1/cmr/m/n on input line 56.
LaTeX Font Info:    ... okay on input line 56.
LaTeX Font Info:    Checking defaults for OMS/cmsy/m/n on input line 56.
LaTeX Font Info:    ... okay on input line 56.
LaTeX Font Info:    Checking defaults for OMX/cmex/m/n on input line 56.
LaTeX Font Info:    ... okay on input line 56.
LaTeX Font Info:    Checking defaults for U/cmr/m/n on input line 56.
LaTeX Font Info:    ... okay on input line 56.
LaTeX Font Info:    Checking defaults for PD1/pdf/m/n on input line 56.
LaTeX Font Info:    ... okay on input line 56.
(/usr/share/texlive/texmf-dist/tex/context/base/supp-pdf.mkii
[Loading MPS to PDF converter (version 2006.09.02).]
\scratchcounter=\count106
\scratchdimen=\dimen120
\scratchbox=\box26
\nofMPsegments=\count107
\nofMParguments=\count108
\everyMPshowfont=\toks17
\MPscratchCnt=\count109
\MPscratchDim=\dimen121
\MPnumerator=\count110
\makeMPintoPDFobject=\count111
\everyMPtoPDFconversion=\toks18
)
\AtBeginShipoutBox=\box27
Package backref Info: ** backref set up for natbib ** on input line 56.
Package hyperref Info: Link coloring ON on input line 56.
(/usr/share/texlive/texmf-dist/tex/latex/hyperref/nameref.sty
Package: nameref 2012/10/27 v2.43 Cross-referencing by name of section
(/usr/share/texlive/texmf-dist/tex/generic/oberdiek/gettitlestring.sty
Package: gettitlestring 2010/12/03 v1.4 Cleanup title references (HO)
)
\c@section@level=\count112
)
LaTeX Info: Redefining \ref on input line 56.
LaTeX Info: Redefining \pageref on input line 56.
LaTeX Info: Redefining \nameref on input line 56.
(/home/kartikeya/Desktop/CourseWork/HUL 265/Report/thesis.out) (/home/kartikeya
/Desktop/CourseWork/HUL 265/Report/thesis.out)
\@outlinefile=\write4
\openout4 = `thesis.out'.

(/usr/share/texlive/texmf-dist/tex/latex/oberdiek/epstopdf-base.sty
Package: epstopdf-base 2010/02/09 v2.5 Base part for package epstopdf
(/usr/share/texlive/texmf-dist/tex/latex/oberdiek/grfext.sty
Package: grfext 2010/08/19 v1.1 Manage graphics extensions (HO)
)
Package grfext Info: Graphics extension search list:
(grfext)             [.png,.jpg,.pdf,.eps]
(grfext)             \AppendGraphicsExtensions on input line 452.
(/usr/share/texlive/texmf-dist/tex/latex/latexconfig/epstopdf-sys.cfg
File: epstopdf-sys.cfg 2010/07/13 v1.3 Configuration of (r)epstopdf for TeX Liv
e
))
Package caption Info: Begin \AtBeginDocument code.
Package caption Info: End \AtBeginDocument code.
<iitd_logo.png, id=128, 2007.5pt x 2007.5pt>
File: iitd_logo.png Graphic file (type png)
<use iitd_logo.png>
Package pdftex.def Info: iitd_logo.png used on input line 77.
(pdftex.def)             Requested size: 113.81102pt x 113.79767pt.
[0

{/var/lib/texmf/fonts/map/pdftex/updmap/pdftex.map} <./iitd_logo.png

pdfTeX warning: pdflatex (file ./iitd_logo.png): large interlaced PNG might cau
se out of memory (use non-interlaced PNG to fix this)
>]
\openout2 = `Abstract/abstract.aux'.

(/home/kartikeya/Desktop/CourseWork/HUL 265/Report/Abstract/abstract.tex [1


]) (/home/kartikeya/Desktop/CourseWork/HUL 265/Report/thesis.toc
LaTeX Font Info:    Try loading font information for U+msa on input line 6.
(/usr/share/texlive/texmf-dist/tex/latex/amsfonts/umsa.fd
File: umsa.fd 2013/01/14 v3.01 AMS symbols A
)
LaTeX Font Info:    Try loading font information for U+msb on input line 6.
(/usr/share/texlive/texmf-dist/tex/latex/amsfonts/umsb.fd
File: umsb.fd 2013/01/14 v3.01 AMS symbols B
) [2
\FN@pp@footnotehinttrue 


])
\tf@toc=\write5
\openout5 = `thesis.toc'.

[3] (/home/kartikeya/Desktop/CourseWork/HUL 265/Report/thesis.lof)
\tf@lof=\write6
\openout6 = `thesis.lof'.

No file thesis.nls.
[4

]
\openout2 = `Introduction/introduction.aux'.


(/home/kartikeya/Desktop/CourseWork/HUL 265/Report/Introduction/introduction.te
x
Chapter 1.
<Introduction/IntroductionFigs/logo.png, id=215, 221.82875pt x 170.6375pt>
File: Introduction/IntroductionFigs/logo.png Graphic file (type png)
<use Introduction/IntroductionFigs/logo.png>
Package pdftex.def Info: Introduction/IntroductionFigs/logo.png used on input l
ine 15.
(pdftex.def)             Requested size: 187.91219pt x 144.54pt.
[1



 <./Introduction/IntroductionFigs/logo.png>] <Introduction/IntroductionFigs/har
da.png, id=221, 669.50125pt x 501.875pt>
File: Introduction/IntroductionFigs/harda.png Graphic file (type png)
<use Introduction/IntroductionFigs/harda.png>
Package pdftex.def Info: Introduction/IntroductionFigs/harda.png used on input 
line 31.
(pdftex.def)             Requested size: 187.90244pt x 140.85333pt.

<Introduction/IntroductionFigs/railwayharda.png, id=222, 677.53125pt x 508.9012
5pt>
File: Introduction/IntroductionFigs/railwayharda.png Graphic file (type png)
<use Introduction/IntroductionFigs/railwayharda.png>
Package pdftex.def Info: Introduction/IntroductionFigs/railwayharda.png used on
 input line 37.
(pdftex.def)             Requested size: 187.90244pt x 141.13246pt.
) [2 <./Introduction/IntroductionFigs/harda.png> <./Introduction/IntroductionFi
gs/railwayharda.png>]
\openout2 = `Chapter1/chapter1.aux'.

(/home/kartikeya/Desktop/CourseWork/HUL 265/Report/Chapter1/chapter1.tex
Chapter 2.
LaTeX Font Info:    Try loading font information for OMS+cmr on input line 16.
(/usr/share/texlive/texmf-dist/tex/latex/base/omscmr.fd
File: omscmr.fd 1999/05/25 v2.5h Standard LaTeX font definitions
)
LaTeX Font Info:    Font shape `OMS/cmr/m/n' in size <12> not available
(Font)              Font shape `OMS/cmsy/m/n' tried instead on input line 16.
[3



] <Chapter1/Chapter1Figs/mainbuilding.png, id=235, 958.58125pt x 718.685pt>
File: Chapter1/Chapter1Figs/mainbuilding.png Graphic file (type png)
<use Chapter1/Chapter1Figs/mainbuilding.png>
Package pdftex.def Info: Chapter1/Chapter1Figs/mainbuilding.png used on input l
ine 47.
(pdftex.def)             Requested size: 337.38069pt x 252.94499pt.
[4 <./Chapter1/Chapter1Figs/mainbuilding.png>] <Chapter1/Chapter1Figs/pravah.pn
g, id=241, 200.75pt x 189.70876pt>
File: Chapter1/Chapter1Figs/pravah.png Graphic file (type png)
<use Chapter1/Chapter1Figs/pravah.png>
Package pdftex.def Info: Chapter1/Chapter1Figs/pravah.png used on input line 70
.
(pdftex.def)             Requested size: 187.90244pt x 177.5794pt.
<Chapter1/Chapter1Figs/nrhm.png, id=242, 182.6825pt x 156.585pt>
File: Chapter1/Chapter1Figs/nrhm.png Graphic file (type png)
<use Chapter1/Chapter1Figs/nrhm.png>
Package pdftex.def Info: Chapter1/Chapter1Figs/nrhm.png used on input line 76.
(pdftex.def)             Requested size: 187.90244pt x 161.06691pt.
) [5 <./Chapter1/Chapter1Figs/pravah.png> <./Chapter1/Chapter1Figs/nrhm.png>]
\openout2 = `Chapter2/chapter2.aux'.

(/home/kartikeya/Desktop/CourseWork/HUL 265/Report/Chapter2/chapter2.tex
Chapter 3.
<Chapter2/Chapter2Figs/1098.png, id=250, 259.97125pt x 195.73125pt>
File: Chapter2/Chapter2Figs/1098.png Graphic file (type png)
<use Chapter2/Chapter2Figs/1098.png>
Package pdftex.def Info: Chapter2/Chapter2Figs/1098.png used on input line 16.
(pdftex.def)             Requested size: 95.9895pt x 72.26999pt.
<Chapter2/Chapter2Figs/childlinekids.png, id=251, 984.67876pt x 739.76375pt>
File: Chapter2/Chapter2Figs/childlinekids.png Graphic file (type png)
<use Chapter2/Chapter2Figs/childlinekids.png>
Package pdftex.def Info: Chapter2/Chapter2Figs/childlinekids.png used on input 
line 31.
(pdftex.def)             Requested size: 336.67949pt x 252.94499pt.
[6



 <./Chapter2/Chapter2Figs/1098.png>] [7 <./Chapter2/Chapter2Figs/childlinekids.
png>] <Chapter2/Chapter2Figs/jalimsingh.png, id=262, 794.97pt x 597.23125pt>
File: Chapter2/Chapter2Figs/jalimsingh.png Graphic file (type png)
<use Chapter2/Chapter2Figs/jalimsingh.png>
Package pdftex.def Info: Chapter2/Chapter2Figs/jalimsingh.png used on input lin
e 77.
(pdftex.def)             Requested size: 180.67499pt x 135.72906pt.
<Chapter2/Chapter2Figs/othekid.png, id=263, 636.3775pt x 505.89pt>
File: Chapter2/Chapter2Figs/othekid.png Graphic file (type png)
<use Chapter2/Chapter2Figs/othekid.png>
Package pdftex.def Info: Chapter2/Chapter2Figs/othekid.png used on input line 8
3.
(pdftex.def)             Requested size: 180.67499pt x 143.62436pt.
) [8 <./Chapter2/Chapter2Figs/jalimsingh.png> <./Chapter2/Chapter2Figs/othekid.
png>]
\openout2 = `Chapter3/chapter3.aux'.

(/home/kartikeya/Desktop/CourseWork/HUL 265/Report/Chapter3/chapter3.tex
Chapter 4.
<Chapter3/Chapter3Figs/pamphlet.png, id=271, 1044.90375pt x 739.76375pt>
File: Chapter3/Chapter3Figs/pamphlet.png Graphic file (type png)
<use Chapter3/Chapter3Figs/pamphlet.png>
Package pdftex.def Info: Chapter3/Chapter3Figs/pamphlet.png used on input line 
19.
(pdftex.def)             Requested size: 469.75499pt x 332.57454pt.

Overfull \hbox (57.19003pt too wide) in paragraph at lines 17--23
 [] 
 []

[9



] [10 <./Chapter3/Chapter3Figs/pamphlet.png>] <Chapter3/Chapter3Figs/computergu
y.png, id=283, 445.665pt x 334.24875pt>
File: Chapter3/Chapter3Figs/computerguy.png Graphic file (type png)
<use Chapter3/Chapter3Figs/computerguy.png>
Package pdftex.def Info: Chapter3/Chapter3Figs/computerguy.png used on input li
ne 75.
(pdftex.def)             Requested size: 289.07999pt x 216.81029pt.
) [11 <./Chapter3/Chapter3Figs/computerguy.png>]
\openout2 = `Positive/positive.aux'.

(/home/kartikeya/Desktop/CourseWork/HUL 265/Report/Positive/positive.tex
Chapter 5.
<Positive/PositiveFigs/Happykids.png, id=292, 675.52374pt x 507.8975pt>
File: Positive/PositiveFigs/Happykids.png Graphic file (type png)
<use Positive/PositiveFigs/Happykids.png>
Package pdftex.def Info: Positive/PositiveFigs/Happykids.png used on input line
 22.
(pdftex.def)             Requested size: 187.90244pt x 141.2726pt.
<Positive/PositiveFigs/Computer.png, id=293, 967.615pt x 725.71124pt>
File: Positive/PositiveFigs/Computer.png Graphic file (type png)
<use Positive/PositiveFigs/Computer.png>
Package pdftex.def Info: Positive/PositiveFigs/Computer.png used on input line 
28.
(pdftex.def)             Requested size: 187.90244pt x 140.92068pt.
[12



 <./Positive/PositiveFigs/Happykids.png> <./Positive/PositiveFigs/Computer.png>
] <Positive/PositiveFigs/withvishan.png, id=300, 832.10875pt x 624.3325pt>
File: Positive/PositiveFigs/withvishan.png Graphic file (type png)
<use Positive/PositiveFigs/withvishan.png>
Package pdftex.def Info: Positive/PositiveFigs/withvishan.png used on input lin
e 42.
(pdftex.def)             Requested size: 187.90244pt x 140.98318pt.
<Positive/PositiveFigs/vellagefarmer.png, id=301, 766.865pt x 575.14874pt>
File: Positive/PositiveFigs/vellagefarmer.png Graphic file (type png)
<use Positive/PositiveFigs/vellagefarmer.png>
Package pdftex.def Info: Positive/PositiveFigs/vellagefarmer.png used on input 
line 48.
(pdftex.def)             Requested size: 187.90244pt x 140.92583pt.
<Positive/PositiveFigs/college.png, id=302, 923.45pt x 692.5875pt>
File: Positive/PositiveFigs/college.png Graphic file (type png)
<use Positive/PositiveFigs/college.png>
Package pdftex.def Info: Positive/PositiveFigs/college.png used on input line 6
4.
(pdftex.def)             Requested size: 187.90244pt x 140.92455pt.
<Positive/PositiveFigs/members.png, id=303, 679.53876pt x 509.905pt>
File: Positive/PositiveFigs/members.png Graphic file (type png)
<use Positive/PositiveFigs/members.png>
Package pdftex.def Info: Positive/PositiveFigs/members.png used on input line 7
0.
(pdftex.def)             Requested size: 187.90244pt x 140.99068pt.
[13 <./Positive/PositiveFigs/withvishan.png> <./Positive/PositiveFigs/vellagefa
rmer.png>]) [14 <./Positive/PositiveFigs/college.png> <./Positive/PositiveFigs/
members.png>]
\openout2 = `Negative/negative.aux'.

(/home/kartikeya/Desktop/CourseWork/HUL 265/Report/Negative/negative.tex
Chapter 6.
[15



]) [16]
\openout2 = `Conclusions/conclusions.aux'.

(/home/kartikeya/Desktop/CourseWork/HUL 265/Report/Conclusions/conclusions.tex
Chapter 7.
) [17



]
\openout2 = `Appendix1/appendix1.aux'.

(/home/kartikeya/Desktop/CourseWork/HUL 265/Report/Appendix1/appendix1.tex) [18




]
Package atveryend Info: Empty hook `BeforeClearDocument' on input line 116.
Package atveryend Info: Empty hook `AfterLastShipout' on input line 116.
(/home/kartikeya/Desktop/CourseWork/HUL 265/Report/thesis.aux (/home/kartikeya/
Desktop/CourseWork/HUL 265/Report/Abstract/abstract.aux)
(/home/kartikeya/Desktop/CourseWork/HUL 265/Report/Introduction/introduction.au
x) (/home/kartikeya/Desktop/CourseWork/HUL 265/Report/Chapter1/chapter1.aux) (/
home/kartikeya/Desktop/CourseWork/HUL 265/Report/Chapter2/chapter2.aux) (/home/
kartikeya/Desktop/CourseWork/HUL 265/Report/Chapter3/chapter3.aux) (/home/karti
keya/Desktop/CourseWork/HUL 265/Report/Positive/positive.aux) (/home/kartikeya/
Desktop/CourseWork/HUL 265/Report/Negative/negative.aux) (/home/kartikeya/Deskt
op/CourseWork/HUL 265/Report/Conclusions/conclusions.aux) (/home/kartikeya/Desk
top/CourseWork/HUL 265/Report/Appendix1/appendix1.aux))
Package atveryend Info: Executing hook `AtVeryEndDocument' on input line 116.
Package atveryend Info: Executing hook `AtEndAfterFileList' on input line 116.
Package rerunfilecheck Info: File `thesis.out' has not changed.
(rerunfilecheck)             Checksum: BA9A4F36A34491DF2982ADE3DCA84664;1881.

LaTeX Warning: There were multiply-defined labels.

Package atveryend Info: Empty hook `AtVeryVeryEnd' on input line 116.
 ) 
Here is how much of TeX's memory you used:
 8390 strings out of 495028
 131618 string characters out of 6181497
 213378 words of memory out of 5000000
 11292 multiletter control sequences out of 15000+600000
 11056 words of font info for 41 fonts, out of 8000000 for 9000
 14 hyphenation exceptions out of 8191
 42i,11n,47p,1226b,468s stack positions out of 5000i,500n,10000p,200000b,80000s
</usr/share/texlive/texmf-dist/fonts/type1/public/amsfonts/cm/cmbx12.pfb></us
r/share/texlive/texmf-dist/fonts/type1/public/amsfonts/cm/cmr10.pfb></usr/share
/texlive/texmf-dist/fonts/type1/public/amsfonts/cm/cmr12.pfb></usr/share/texliv
e/texmf-dist/fonts/type1/public/amsfonts/cm/cmr17.pfb></usr/share/texlive/texmf
-dist/fonts/type1/public/amsfonts/cm/cmsy10.pfb></usr/share/texlive/texmf-dist/
fonts/type1/public/amsfonts/cm/cmti12.pfb>
Output written on "/home/kartikeya/Desktop/CourseWork/HUL 265/Report/thesis.pdf
" (23 pages, 14084630 bytes).
PDF statistics:
 379 PDF objects out of 1000 (max. 8388607)
 307 compressed objects within 4 object streams
 76 named destinations out of 1000 (max. 500000)
 344 words of extra memory for PDF output out of 10000 (max. 10000000)

