\BOOKMARK [0][]{chapter*.1}{Contents}{}% 1
\BOOKMARK [0][]{chapter*.2}{List of Figures}{}% 2
\BOOKMARK [0][]{chapter*.2}{Nomenclature}{}% 3
\BOOKMARK [0][]{chapter.1}{1 Introduction}{}% 4
\BOOKMARK [0][]{chapter.2}{2 Synergy Sansthan}{}% 5
\BOOKMARK [1][]{section.2.1}{2.1 Founders}{chapter.2}% 6
\BOOKMARK [1][]{section.2.2}{2.2 Vision}{chapter.2}% 7
\BOOKMARK [1][]{section.2.3}{2.3 Objectives}{chapter.2}% 8
\BOOKMARK [1][]{section.2.4}{2.4 Funding}{chapter.2}% 9
\BOOKMARK [0][]{chapter.3}{3 Childline}{}% 10
\BOOKMARK [1][]{section.3.1}{3.1 About Childline}{chapter.3}% 11
\BOOKMARK [1][]{section.3.2}{3.2 Involvement of Synergy Sansthan}{chapter.3}% 12
\BOOKMARK [1][]{section.3.3}{3.3 Some case studies}{chapter.3}% 13
\BOOKMARK [2][]{subsection.3.3.1}{3.3.1 Jalim Singh}{section.3.3}% 14
\BOOKMARK [2][]{subsection.3.3.2}{3.3.2 Vivek}{section.3.3}% 15
\BOOKMARK [0][]{chapter.4}{4 Entrepreneurship Development Program}{}% 16
\BOOKMARK [1][]{section.4.1}{4.1 About EDP}{chapter.4}% 17
\BOOKMARK [2][]{subsection.4.1.1}{4.1.1 Inception}{section.4.1}% 18
\BOOKMARK [2][]{subsection.4.1.2}{4.1.2 Goal}{section.4.1}% 19
\BOOKMARK [1][]{section.4.2}{4.2 Ways of attracting people}{chapter.4}% 20
\BOOKMARK [1][]{section.4.3}{4.3 Some Case Studies}{chapter.4}% 21
\BOOKMARK [2][]{subsection.4.3.1}{4.3.1 Cotton guy}{section.4.3}% 22
\BOOKMARK [2][]{subsection.4.3.2}{4.3.2 Photocopy guy}{section.4.3}% 23
\BOOKMARK [0][]{chapter.5}{5 Asha Training and NRHM}{}% 24
\BOOKMARK [1][]{section.5.1}{5.1 About Asha training}{chapter.5}% 25
\BOOKMARK [1][]{section.5.2}{5.2 About NRHM}{chapter.5}% 26
\BOOKMARK [1][]{section.5.3}{5.3 Examples}{chapter.5}% 27
\BOOKMARK [0][]{chapter.6}{6 Positive Changes}{}% 28
\BOOKMARK [1][]{section.6.1}{6.1 In child line}{chapter.6}% 29
\BOOKMARK [1][]{section.6.2}{6.2 In villages}{chapter.6}% 30
\BOOKMARK [1][]{section.6.3}{6.3 In EDP}{chapter.6}% 31
\BOOKMARK [0][]{chapter.7}{7 Negative things}{}% 32
\BOOKMARK [1][]{section.7.1}{7.1 Low awareness}{chapter.7}% 33
\BOOKMARK [1][]{section.7.2}{7.2 Employees}{chapter.7}% 34
\BOOKMARK [0][]{chapter.8}{8 My Conclusions ...}{}% 35
\BOOKMARK [0][]{appendix*.3}{Overall experience}{}% 36
